<?xml version="1.0" encoding="UTF-8"?>
<!-- Generated by org.testng.reporters.JUnitXMLReporter -->
<testsuite ignored="0" hostname="LAPTOP-9VA16DGV" failures="0" tests="4" name="Regression Test" time="29.449" errors="0" timestamp="2021-06-30T21:21:12 CDT">
  <testcase classname="test.RegistrationFunctionalityTest" name="newMemberRegistration" time="1.599"/>
  <testcase classname="test.RegistrationFunctionalityTest" name="newMemberRegistration" time="1.406"/>
  <testcase classname="test.FlightFunctionalityTest" name="positiveFlightFunctionalityTest" time="1.412"/>
  <testcase classname="test.LogInFunctionalityTest" name="positiveTest" time="0.771"/>
</testsuite> <!-- Regression Test -->
