<?xml version="1.0" encoding="UTF-8"?>
<testng-results ignored="0" total="4" passed="4" failed="0" skipped="0">
  <reporter-output>
  </reporter-output>
  <suite started-at="2021-06-30T21:20:42 CDT" name="RegressionTestCase" finished-at="2021-06-30T21:21:12 CDT" duration-ms="29449">
    <groups>
    </groups>
    <test started-at="2021-06-30T21:20:42 CDT" name="Regression Test" finished-at="2021-06-30T21:21:12 CDT" duration-ms="29449">
      <class name="test.FlightFunctionalityTest">
        <test-method is-config="true" signature="loadBrowser()[pri:0, instance:test.FlightFunctionalityTest@48e4374]" started-at="2021-06-30T21:20:58 CDT" name="loadBrowser" finished-at="2021-06-30T21:21:04 CDT" duration-ms="6421" status="PASS">
          <reporter-output>
          </reporter-output>
        </test-method> <!-- loadBrowser -->
        <test-method signature="positiveFlightFunctionalityTest()[pri:0, instance:test.FlightFunctionalityTest@48e4374]" started-at="2021-06-30T21:21:04 CDT" name="positiveFlightFunctionalityTest" finished-at="2021-06-30T21:21:06 CDT" duration-ms="1412" status="PASS">
          <reporter-output>
          </reporter-output>
        </test-method> <!-- positiveFlightFunctionalityTest -->
        <test-method is-config="true" signature="closeBrowser()[pri:0, instance:test.FlightFunctionalityTest@48e4374]" started-at="2021-06-30T21:21:06 CDT" name="closeBrowser" finished-at="2021-06-30T21:21:06 CDT" duration-ms="71" status="PASS">
          <reporter-output>
          </reporter-output>
        </test-method> <!-- closeBrowser -->
      </class> <!-- test.FlightFunctionalityTest -->
      <class name="test.RegistrationFunctionalityTest">
        <test-method is-config="true" signature="loadBrowser()[pri:0, instance:test.RegistrationFunctionalityTest@6e0dec4a]" started-at="2021-06-30T21:20:42 CDT" name="loadBrowser" finished-at="2021-06-30T21:20:49 CDT" duration-ms="6425" status="PASS">
          <reporter-output>
          </reporter-output>
        </test-method> <!-- loadBrowser -->
        <test-method signature="newMemberRegistration(java.lang.String,java.lang.String,java.lang.String,java.lang.String,java.lang.String,java.lang.String)[pri:0, instance:test.RegistrationFunctionalityTest@6e0dec4a]" started-at="2021-06-30T21:20:49 CDT" name="newMemberRegistration" data-provider="NewMemberRegistration" finished-at="2021-06-30T21:20:50 CDT" duration-ms="1599" status="PASS">
          <params>
            <param index="0">
              <value>
                <![CDATA[Mark]]>
              </value>
            </param>
            <param index="1">
              <value>
                <![CDATA[Ndi]]>
              </value>
            </param>
            <param index="2">
              <value>
                <![CDATA[2134280519]]>
              </value>
            </param>
            <param index="3">
              <value>
                <![CDATA[Mark@gmail.com]]>
              </value>
            </param>
            <param index="4">
              <value>
                <![CDATA[mark123]]>
              </value>
            </param>
            <param index="5">
              <value>
                <![CDATA[123]]>
              </value>
            </param>
          </params>
          <reporter-output>
          </reporter-output>
        </test-method> <!-- newMemberRegistration -->
        <test-method is-config="true" signature="closeBrowser()[pri:0, instance:test.RegistrationFunctionalityTest@6e0dec4a]" started-at="2021-06-30T21:20:50 CDT" name="closeBrowser" finished-at="2021-06-30T21:20:51 CDT" duration-ms="106" status="PASS">
          <reporter-output>
          </reporter-output>
        </test-method> <!-- closeBrowser -->
        <test-method is-config="true" signature="loadBrowser()[pri:0, instance:test.RegistrationFunctionalityTest@6e0dec4a]" started-at="2021-06-30T21:20:51 CDT" name="loadBrowser" finished-at="2021-06-30T21:20:56 CDT" duration-ms="5702" status="PASS">
          <reporter-output>
          </reporter-output>
        </test-method> <!-- loadBrowser -->
        <test-method signature="newMemberRegistration(java.lang.String,java.lang.String,java.lang.String,java.lang.String,java.lang.String,java.lang.String)[pri:0, instance:test.RegistrationFunctionalityTest@6e0dec4a]" started-at="2021-06-30T21:20:56 CDT" name="newMemberRegistration" data-provider="NewMemberRegistration" finished-at="2021-06-30T21:20:58 CDT" duration-ms="1406" status="PASS">
          <params>
            <param index="0">
              <value>
                <![CDATA[John]]>
              </value>
            </param>
            <param index="1">
              <value>
                <![CDATA[Tata]]>
              </value>
            </param>
            <param index="2">
              <value>
                <![CDATA[2134280519]]>
              </value>
            </param>
            <param index="3">
              <value>
                <![CDATA[John@gmail.com]]>
              </value>
            </param>
            <param index="4">
              <value>
                <![CDATA[mark423]]>
              </value>
            </param>
            <param index="5">
              <value>
                <![CDATA[423]]>
              </value>
            </param>
          </params>
          <reporter-output>
          </reporter-output>
        </test-method> <!-- newMemberRegistration -->
        <test-method is-config="true" signature="closeBrowser()[pri:0, instance:test.RegistrationFunctionalityTest@6e0dec4a]" started-at="2021-06-30T21:20:58 CDT" name="closeBrowser" finished-at="2021-06-30T21:20:58 CDT" duration-ms="67" status="PASS">
          <reporter-output>
          </reporter-output>
        </test-method> <!-- closeBrowser -->
      </class> <!-- test.RegistrationFunctionalityTest -->
      <class name="test.LogInFunctionalityTest">
        <test-method is-config="true" signature="loadBrowser()[pri:0, instance:test.LogInFunctionalityTest@3d680b5a]" started-at="2021-06-30T21:21:06 CDT" name="loadBrowser" finished-at="2021-06-30T21:21:11 CDT" duration-ms="5314" status="PASS">
          <reporter-output>
          </reporter-output>
        </test-method> <!-- loadBrowser -->
        <test-method signature="positiveTest(java.lang.String,java.lang.String)[pri:0, instance:test.LogInFunctionalityTest@3d680b5a]" started-at="2021-06-30T21:21:11 CDT" name="positiveTest" data-provider="positiveloginTest" finished-at="2021-06-30T21:21:12 CDT" duration-ms="771" status="PASS">
          <params>
            <param index="0">
              <value>
                <![CDATA[test123]]>
              </value>
            </param>
            <param index="1">
              <value>
                <![CDATA[123]]>
              </value>
            </param>
          </params>
          <reporter-output>
          </reporter-output>
        </test-method> <!-- positiveTest -->
        <test-method is-config="true" signature="closeBrowser()[pri:0, instance:test.LogInFunctionalityTest@3d680b5a]" started-at="2021-06-30T21:21:12 CDT" name="closeBrowser" finished-at="2021-06-30T21:21:12 CDT" duration-ms="89" status="PASS">
          <reporter-output>
          </reporter-output>
        </test-method> <!-- closeBrowser -->
      </class> <!-- test.LogInFunctionalityTest -->
    </test> <!-- Regression Test -->
  </suite> <!-- RegressionTestCase -->
</testng-results>
